<?xml version="1.0" encoding="UTF-8"?>
<testng-results skipped="0" failed="0" ignored="0" total="1" passed="1">
  <reporter-output>
  </reporter-output>
  <suite name="Default suite" duration-ms="11717" started-at="2018-09-09T06:00:10Z" finished-at="2018-09-09T06:00:22Z">
    <groups>
    </groups>
    <test name="Default test" duration-ms="11717" started-at="2018-09-09T06:00:10Z" finished-at="2018-09-09T06:00:22Z">
      <class name="com.accenture.test.LoginTest">
        <test-method status="PASS" signature="beforeTest()[pri:0, instance:com.accenture.test.LoginTest@12cdcf4]" name="beforeTest" is-config="true" duration-ms="3943" started-at="2018-09-09T06:00:10Z" finished-at="2018-09-09T06:00:14Z">
          <reporter-output>
          </reporter-output>
        </test-method> <!-- beforeTest -->
        <test-method status="PASS" signature="testLogin()[pri:0, instance:com.accenture.test.LoginTest@12cdcf4]" name="testLogin" duration-ms="7753" started-at="2018-09-09T06:00:14Z" finished-at="2018-09-09T06:00:22Z">
          <reporter-output>
          </reporter-output>
        </test-method> <!-- testLogin -->
      </class> <!-- com.accenture.test.LoginTest -->
    </test> <!-- Default test -->
  </suite> <!-- Default suite -->
</testng-results>
